<?xml version="1.0" encoding="UTF-8"?>
<testsuites name="jest tests" tests="7" failures="0" errors="0" time="1.719">
  <testsuite name="Test github-secrets.ts" errors="0" failures="0" skipped="0" timestamp="2023-03-06T14:12:47" time="1.599" tests="7">
    <testcase classname="Test github-secrets.ts Test github-secrets.ts -&gt; ListRepositorySecrets" name="Test github-secrets.ts Test github-secrets.ts -&gt; ListRepositorySecrets" time="0.004">
    </testcase>
    <testcase classname="Test github-secrets.ts Test github-secrets.ts -&gt; GetRepositorySecret" name="Test github-secrets.ts Test github-secrets.ts -&gt; GetRepositorySecret" time="0.001">
    </testcase>
    <testcase classname="Test github-secrets.ts Test github-secrets.ts -&gt; GetRepositorySecret error" name="Test github-secrets.ts Test github-secrets.ts -&gt; GetRepositorySecret error" time="0.001">
    </testcase>
    <testcase classname="Test github-secrets.ts Test github-secrets.ts -&gt; ListRepositorySecrets error" name="Test github-secrets.ts Test github-secrets.ts -&gt; ListRepositorySecrets error" time="0">
    </testcase>
    <testcase classname="Test github-secrets.ts Test github-secrets.ts -&gt; CreateOrUpdateSecret error 1" name="Test github-secrets.ts Test github-secrets.ts -&gt; CreateOrUpdateSecret error 1" time="0.011">
    </testcase>
    <testcase classname="Test github-secrets.ts Test github-secrets.ts -&gt; CreateOrUpdateSecret error 2" name="Test github-secrets.ts Test github-secrets.ts -&gt; CreateOrUpdateSecret error 2" time="0.002">
    </testcase>
    <testcase classname="Test github-secrets.ts Test github-secrets.ts -&gt; DeleteRepositorySecret error" name="Test github-secrets.ts Test github-secrets.ts -&gt; DeleteRepositorySecret error" time="0">
    </testcase>
  </testsuite>
</testsuites>